Apr 22, 2014 9:01:04 PM com.app.afapp.reademails.InboxReader printParts
FINEST: Order:20036918089
Date:2014-04-19
610490158 25.00
610674037 34.00
610674029 34.00
610707468 39.00
610490140 25.00
610707450 39.00
610490094 25.00
611100473 34.00
611100449 34.00
610490086 25.00
610757220 30.00
610757211 30.00
Subtotal:374.00
Shipping:0.00
Tax:0.00
Total:374.00

Apr 22, 2014 9:01:04 PM com.app.afapp.reademails.InboxReader printParts
FINEST: **************************
Apr 22, 2014 9:01:04 PM com.app.afapp.reademails.InboxReader readEmail
FINEST: Email Subject:Fwd: Abercrombie & Fitch Order #20036800440 Has Shipped
Apr 22, 2014 9:01:04 PM com.app.afapp.reademails.InboxReader readEmail
FINEST: Email From:yilongyangcn@gmail.com
Apr 22, 2014 9:01:05 PM com.app.afapp.reademails.InboxReader printParts
FINEST: Input :
Apr 22, 2014 9:01:05 PM com.app.afapp.reademails.InboxReader printParts
FINEST: Order:20036800440
Date:2014-04-18
611307079 40.00
611054631 45.00
611496922 45.00
611472306 40.00
611129495 50.00
610674037 34.00
610674037 34.00
611054631 45.00
611496922 45.00
611307079 40.00
611472306 40.00
611129495 50.00
Subtotal:508.00
Shipping:0.00
Tax:0.00
Total:508.00

Apr 22, 2014 9:01:05 PM com.app.afapp.reademails.InboxReader printParts
FINEST: **************************
Apr 22, 2014 9:01:05 PM com.app.afapp.reademails.saveData saveOrderData
FINEST: insert order20036800440 status is 2
Apr 22, 2014 9:01:05 PM com.app.afapp.reademails.saveData saveOrderData
FINEST: Insert : 611307079
Apr 22, 2014 9:01:05 PM com.app.afapp.reademails.saveData saveOrderData
FINEST: Insert : 611054631
Apr 22, 2014 9:01:05 PM com.app.afapp.reademails.saveData saveOrderData
FINEST: Insert : 611496922
Apr 22, 2014 9:01:05 PM com.app.afapp.reademails.saveData saveOrderData
FINEST: Insert : 611472306
Apr 22, 2014 9:01:05 PM com.app.afapp.reademails.saveData saveOrderData
FINEST: Insert : 611129495
Apr 22, 2014 9:01:05 PM com.app.afapp.reademails.saveData saveOrderData
FINEST: Insert : 610674037
Apr 22, 2014 9:01:05 PM com.app.afapp.reademails.saveData saveOrderData
FINEST: Insert : 610674037
Apr 22, 2014 9:01:05 PM com.app.afapp.reademails.saveData saveOrderData
FINEST: Insert : 611054631
Apr 22, 2014 9:01:05 PM com.app.afapp.reademails.saveData saveOrderData
FINEST: Insert : 611496922
Apr 22, 2014 9:01:05 PM com.app.afapp.reademails.saveData saveOrderData
FINEST: Insert : 611307079
Apr 22, 2014 9:01:05 PM com.app.afapp.reademails.saveData saveOrderData
FINEST: Insert : 611472306
Apr 22, 2014 9:01:05 PM com.app.afapp.reademails.saveData saveOrderData
FINEST: Insert : 611129495
Apr 22, 2014 9:01:06 PM com.app.afapp.reademails.InboxReader printParts
FINEST: Input :
Apr 22, 2014 9:01:06 PM com.app.afapp.reademails.InboxReader printParts
FINEST: Order:20036800440
Date:2014-04-18
611307079 40.00
611054631 45.00
611496922 45.00
611472306 40.00
611129495 50.00
610674037 34.00
610674037 34.00
611054631 45.00
611496922 45.00
611307079 40.00
611472306 40.00
611129495 50.00
Subtotal:508.00
Shipping:0.00
Tax:0.00
Total:508.00

Apr 22, 2014 9:01:06 PM com.app.afapp.reademails.InboxReader printParts
FINEST: **************************
Apr 22, 2014 9:01:06 PM com.app.afapp.reademails.InboxReader readEmail
FINEST: Email Subject:Fwd: Abercrombie & Fitch Order #20037269701 Confirmation
Apr 22, 2014 9:01:06 PM com.app.afapp.reademails.InboxReader readEmail
FINEST: Email From:xdytksl@gmail.com
Apr 22, 2014 9:01:06 PM com.app.afapp.reademails.InboxReader printParts
FINEST: Input :
Apr 22, 2014 9:01:06 PM com.app.afapp.reademails.InboxReader printParts
FINEST: Order:20037269701
Date:2014-04-22
610490107 25.00
610674045 34.00
610707513 39.00
610761253 30.00
610896060 22.00
611054622 45.00
611066252 20.00
611100465 34.00
611391750 29.00
611472314 40.00
611496931 45.00
Subtotal:363.00
Shipping:0.00
Tax:2.10
Total:365.10

Apr 22, 2014 9:01:06 PM com.app.afapp.reademails.InboxReader printParts
FINEST: **************************
Apr 22, 2014 9:01:06 PM com.app.afapp.reademails.saveData saveOrderData
FINEST: insert order20037269701 status is 1
Apr 22, 2014 9:01:06 PM com.app.afapp.reademails.saveData saveOrderData
FINEST: Insert : 610490107
Apr 22, 2014 9:01:07 PM com.app.afapp.reademails.saveData saveOrderData
FINEST: Insert : 610674045
Apr 22, 2014 9:01:07 PM com.app.afapp.reademails.saveData saveOrderData
FINEST: Insert : 610707513
Apr 22, 2014 9:01:07 PM com.app.afapp.reademails.saveData saveOrderData
FINEST: Insert : 610761253
Apr 22, 2014 9:01:07 PM com.app.afapp.reademails.saveData saveOrderData
FINEST: Insert : 610896060
Apr 22, 2014 9:01:07 PM com.app.afapp.reademails.saveData saveOrderData
FINEST: Insert : 611054622
Apr 22, 2014 9:01:07 PM com.app.afapp.reademails.saveData saveOrderData
FINEST: Insert : 611066252
Apr 22, 2014 9:01:07 PM com.app.afapp.reademails.saveData saveOrderData
FINEST: Insert : 611100465
Apr 22, 2014 9:01:07 PM com.app.afapp.reademails.saveData saveOrderData
FINEST: Insert : 611391750
Apr 22, 2014 9:01:07 PM com.app.afapp.reademails.saveData saveOrderData
FINEST: Insert : 611472314
Apr 22, 2014 9:01:07 PM com.app.afapp.reademails.saveData saveOrderData
FINEST: Insert : 611496931
Apr 22, 2014 9:01:07 PM com.app.afapp.reademails.InboxReader printParts
FINEST: Input :
Apr 22, 2014 9:01:07 PM com.app.afapp.reademails.InboxReader printParts
FINEST: Order:20037269701
Date:2014-04-22
610490107 25.00
610674045 34.00
610707513 39.00
610761253 30.00
610896060 22.00
611054622 45.00
611066252 20.00
611100465 34.00
611391750 29.00
611472314 40.00
611496931 45.00
Subtotal:363.00
Shipping:0.00
Tax:2.10
Total:365.10

Apr 22, 2014 9:01:07 PM com.app.afapp.reademails.InboxReader printParts
FINEST: **************************
Apr 22, 2014 9:01:07 PM com.app.afapp.reademails.saveData saveOrderData
FINEST: insert order20037269701 status is 1
Apr 22, 2014 9:01:07 PM com.app.afapp.reademails.saveData saveOrderData
FINEST: Insert : 610490107
Apr 22, 2014 9:01:07 PM com.app.afapp.reademails.saveData saveOrderData
FINEST: Insert : 610674045
Apr 22, 2014 9:01:07 PM com.app.afapp.reademails.saveData saveOrderData
FINEST: Insert : 610707513
Apr 22, 2014 9:01:08 PM com.app.afapp.reademails.saveData saveOrderData
FINEST: Insert : 610761253
Apr 22, 2014 9:01:08 PM com.app.afapp.reademails.saveData saveOrderData
FINEST: Insert : 610896060
Apr 22, 2014 9:01:08 PM com.app.afapp.reademails.saveData saveOrderData
FINEST: Insert : 611054622
Apr 22, 2014 9:01:08 PM com.app.afapp.reademails.saveData saveOrderData
FINEST: Insert : 611066252
Apr 22, 2014 9:01:08 PM com.app.afapp.reademails.saveData saveOrderData
FINEST: Insert : 611100465
Apr 22, 2014 9:01:08 PM com.app.afapp.reademails.saveData saveOrderData
FINEST: Insert : 611391750
Apr 22, 2014 9:01:08 PM com.app.afapp.reademails.saveData saveOrderData
FINEST: Insert : 611472314
Apr 22, 2014 9:01:08 PM com.app.afapp.reademails.saveData saveOrderData
FINEST: Insert : 611496931
Apr 22, 2014 9:01:08 PM com.app.afapp.reademails.InboxReader readEmail
FINEST: Email Subject:Fwd: FW: Abercrombie & Fitch Order #20037128453 Confirmation
Apr 22, 2014 9:01:08 PM com.app.afapp.reademails.InboxReader readEmail
FINEST: Email From:zh88981@gmail.com
Apr 22, 2014 9:01:08 PM com.app.afapp.reademails.InboxReader printParts
FINEST: Input :
Apr 22, 2014 9:01:08 PM com.app.afapp.reademails.InboxReader printParts
FINEST: Order:20037128453
Date:2014-04-21
610674029 34.00
610674029 34.00
610707468 39.00
610707468 39.00
611054631 45.00
611054631 45.00
611100473 34.00
611100473 34.00
611472306 40.00
611472306 40.00
611496922 45.00
611496922 45.00
Subtotal:474.00
Shipping:0.00
Tax:0.00
Total:474.00

Apr 22, 2014 9:01:08 PM com.app.afapp.reademails.InboxReader printParts
FINEST: **************************
Apr 22, 2014 9:01:08 PM com.app.afapp.reademails.saveData saveOrderData
FINEST: insert order20037128453 status is 1
Apr 22, 2014 9:01:08 PM com.app.afapp.reademails.saveData saveOrderData
FINEST: Insert : 610674029
Apr 22, 2014 9:01:08 PM com.app.afapp.reademails.saveData saveOrderData
FINEST: Insert : 610674029
Apr 22, 2014 9:01:08 PM com.app.afapp.reademails.saveData saveOrderData
FINEST: Insert : 610707468
Apr 22, 2014 9:01:08 PM com.app.afapp.reademails.saveData saveOrderData
FINEST: Insert : 610707468
Apr 22, 2014 9:01:08 PM com.app.afapp.reademails.saveData saveOrderData
FINEST: Insert : 611054631
Apr 22, 2014 9:01:08 PM com.app.afapp.reademails.saveData saveOrderData
FINEST: Insert : 611054631
Apr 22, 2014 9:01:08 PM com.app.afapp.reademails.saveData saveOrderData
FINEST: Insert : 611100473
Apr 22, 2014 9:01:08 PM com.app.afapp.reademails.saveData saveOrderData
FINEST: Insert : 611100473
Apr 22, 2014 9:01:08 PM com.app.afapp.reademails.saveData saveOrderData
FINEST: Insert : 611472306
Apr 22, 2014 9:01:08 PM com.app.afapp.reademails.saveData saveOrderData
FINEST: Insert : 611472306
Apr 22, 2014 9:01:08 PM com.app.afapp.reademails.saveData saveOrderData
FINEST: Insert : 611496922
Apr 22, 2014 9:01:08 PM com.app.afapp.reademails.saveData saveOrderData
FINEST: Insert : 611496922
Apr 22, 2014 9:01:09 PM com.app.afapp.reademails.InboxReader printParts
FINEST: Input :
Apr 22, 2014 9:01:09 PM com.app.afapp.reademails.InboxReader printParts
FINEST: Date:2014-04-21
610674029 34.00
610674029 34.00
610707468 39.00
610707468 39.00
611054631 45.00
611054631 45.00
611100473 34.00
611100473 34.00
611472306 40.00
611472306 40.00
611496922 45.00
611496922 45.00
Subtotal:474.00
Shipping:0.00
Tax:0.00
Total:474.00

Apr 22, 2014 9:01:09 PM com.app.afapp.reademails.InboxReader printParts
FINEST: **************************
Apr 22, 2014 9:01:09 PM com.app.afapp.reademails.InboxReader readEmail
FINEST: Email Subject:Fwd: Abercrombie & Fitch Order #20037213124 Confirmation
Apr 22, 2014 9:01:09 PM com.app.afapp.reademails.InboxReader readEmail
FINEST: Email From:xhmaryland@aol.com
Apr 22, 2014 9:01:10 PM com.app.afapp.reademails.InboxReader printParts
FINEST: Input :
Apr 22, 2014 9:01:10 PM com.app.afapp.reademails.InboxReader printParts
FINEST: Order:20037213124
Date:2014-04-21
610490086 25.00
610490094 25.00
610674029 34.00
610674037 34.00
610707468 39.00
610707513 39.00
611100473 34.00
611100473 34.00
611472293 40.00
611472306 40.00
611496914 45.00
611496922 45.00
Subtotal:434.00
Shipping:0.00
Tax:0.00
Total:434.00

Apr 22, 2014 9:01:10 PM com.app.afapp.reademails.InboxReader printParts
FINEST: **************************
Apr 22, 2014 9:01:10 PM com.app.afapp.reademails.saveData saveOrderData
FINEST: insert order20037213124 status is 1
Apr 22, 2014 9:01:10 PM com.app.afapp.reademails.saveData saveOrderData
FINEST: Insert : 610490086
Apr 22, 2014 9:01:10 PM com.app.afapp.reademails.saveData saveOrderData
FINEST: Insert : 610490094
Apr 22, 2014 9:01:10 PM com.app.afapp.reademails.saveData saveOrderData
FINEST: Insert : 610674029
Apr 22, 2014 9:01:10 PM com.app.afapp.reademails.saveData saveOrderData
FINEST: Insert : 610674037
Apr 22, 2014 9:01:10 PM com.app.afapp.reademails.saveData saveOrderData
FINEST: Insert : 610707468
Apr 22, 2014 9:01:10 PM com.app.afapp.reademails.saveData saveOrderData
FINEST: Insert : 610707513
Apr 22, 2014 9:01:10 PM com.app.afapp.reademails.saveData saveOrderData
FINEST: Insert : 611100473
Apr 22, 2014 9:01:10 PM com.app.afapp.reademails.saveData saveOrderData
FINEST: Insert : 611100473
Apr 22, 2014 9:01:10 PM com.app.afapp.reademails.saveData saveOrderData
FINEST: Insert : 611472293
Apr 22, 2014 9:01:10 PM com.app.afapp.reademails.saveData saveOrderData
FINEST: Insert : 611472306
Apr 22, 2014 9:01:10 PM com.app.afapp.reademails.saveData saveOrderData
FINEST: Insert : 611496914
Apr 22, 2014 9:01:10 PM com.app.afapp.reademails.saveData saveOrderData
FINEST: Insert : 611496922
Apr 22, 2014 9:01:11 PM com.app.afapp.reademails.InboxReader printParts
FINEST: Input :
Apr 22, 2014 9:01:11 PM com.app.afapp.reademails.InboxReader printParts
FINEST: Order:20037213124
Date:2014-04-21
610490086 25.00
610490094 25.00
610674029 34.00
610674037 34.00
610707468 39.00
610707513 39.00
611100473 34.00
611100473 34.00
611472293 40.00
611472306 40.00
611496914 45.00
611496922 45.00
Subtotal:434.00
Shipping:0.00
Tax:0.00
Total:434.00

Apr 22, 2014 9:01:11 PM com.app.afapp.reademails.InboxReader printParts
FINEST: **************************
Apr 22, 2014 9:01:11 PM com.app.afapp.reademails.saveData saveOrderData
FINEST: insert order20037213124 status is 1
Apr 22, 2014 9:01:11 PM com.app.afapp.reademails.saveData saveOrderData
FINEST: Insert : 610490086
Apr 22, 2014 9:01:11 PM com.app.afapp.reademails.saveData saveOrderData
FINEST: Insert : 610490094
Apr 22, 2014 9:01:11 PM com.app.afapp.reademails.saveData saveOrderData
FINEST: Insert : 610674029
Apr 22, 2014 9:01:11 PM com.app.afapp.reademails.saveData saveOrderData
FINEST: Insert : 610674037
Apr 22, 2014 9:01:11 PM com.app.afapp.reademails.saveData saveOrderData
FINEST: Insert : 610707468
Apr 22, 2014 9:01:11 PM com.app.afapp.reademails.saveData saveOrderData
FINEST: Insert : 610707513
Apr 22, 2014 9:01:11 PM com.app.afapp.reademails.saveData saveOrderData
FINEST: Insert : 611100473
Apr 22, 2014 9:01:11 PM com.app.afapp.reademails.saveData saveOrderData
FINEST: Insert : 611100473
Apr 22, 2014 9:01:11 PM com.app.afapp.reademails.saveData saveOrderData
FINEST: Insert : 611472293
Apr 22, 2014 9:01:11 PM com.app.afapp.reademails.saveData saveOrderData
FINEST: Insert : 611472306
Apr 22, 2014 9:01:11 PM com.app.afapp.reademails.saveData saveOrderData
FINEST: Insert : 611496914
Apr 22, 2014 9:01:11 PM com.app.afapp.reademails.saveData saveOrderData
FINEST: Insert : 611496922
Apr 22, 2014 9:01:11 PM com.app.afapp.reademails.InboxReader readEmail
FINEST: Email Subject:Fwd: Abercrombie & Fitch Order #20036676905 Has Shipped
Apr 22, 2014 9:01:11 PM com.app.afapp.reademails.InboxReader readEmail
FINEST: Email From:kvhobart@aol.com
Apr 22, 2014 9:01:12 PM com.app.afapp.reademails.InboxReader printParts
FINEST: Input :
Apr 22, 2014 9:01:12 PM com.app.afapp.reademails.InboxReader printParts
FINEST: Order:20036676905
Date:2014-04-17
611054606 45.00
611129495 50.00
611307061 40.00
610674037 34.00
611472293 40.00
611496922 45.00
611129612 50.00
611472306 40.00
611307061 40.00
611054631 45.00
610674029 34.00
611496914 45.00
Subtotal:508.00
Shipping:0.00
Tax:0.00
Total:508.00

Apr 22, 2014 9:01:12 PM com.app.afapp.reademails.InboxReader printParts
FINEST: **************************
Apr 22, 2014 9:01:12 PM com.app.afapp.reademails.saveData saveOrderData
FINEST: insert order20036676905 status is 2
Apr 22, 2014 9:01:12 PM com.app.afapp.reademails.saveData saveOrderData
FINEST: Insert : 611054606
Apr 22, 2014 9:01:12 PM com.app.afapp.reademails.saveData saveOrderData
FINEST: Insert : 611129495
Apr 22, 2014 9:01:12 PM com.app.afapp.reademails.saveData saveOrderData
FINEST: Insert : 611307061
Apr 22, 2014 9:01:12 PM com.app.afapp.reademails.saveData saveOrderData
FINEST: Insert : 610674037
Apr 22, 2014 9:01:12 PM com.app.afapp.reademails.saveData saveOrderData
FINEST: Insert : 611472293
Apr 22, 2014 9:01:12 PM com.app.afapp.reademails.saveData saveOrderData
FINEST: Insert : 611496922
Apr 22, 2014 9:01:12 PM com.app.afapp.reademails.saveData saveOrderData
FINEST: Insert : 611129612
Apr 22, 2014 9:01:12 PM com.app.afapp.reademails.saveData saveOrderData
FINEST: Insert : 611472306
Apr 22, 2014 9:01:12 PM com.app.afapp.reademails.saveData saveOrderData
FINEST: Insert : 611307061
Apr 22, 2014 9:01:12 PM com.app.afapp.reademails.saveData saveOrderData
FINEST: Insert : 611054631
Apr 22, 2014 9:01:13 PM com.app.afapp.reademails.saveData saveOrderData
FINEST: Insert : 610674029
Apr 22, 2014 9:01:13 PM com.app.afapp.reademails.saveData saveOrderData
FINEST: Insert : 611496914
Apr 22, 2014 9:01:13 PM com.app.afapp.reademails.InboxReader printParts
FINEST: Input :
Apr 22, 2014 9:01:13 PM com.app.afapp.reademails.InboxReader printParts
FINEST: Order:20036676905
Date:2014-04-17
611054606 45.00
611129495 50.00
611307061 40.00
610674037 34.00
611472293 40.00
611496922 45.00
611129612 50.00
611472306 40.00
611307061 40.00
611054631 45.00
610674029 34.00
611496914 45.00
Subtotal:508.00
Shipping:0.00
Tax:0.00
Total:508.00

Apr 22, 2014 9:01:13 PM com.app.afapp.reademails.InboxReader printParts
FINEST: **************************
Apr 22, 2014 9:01:14 PM com.app.afapp.reademails.InboxReader readEmail
FINEST: Email Subject:Fw:Abercrombie & Fitch Order #20037290597 Confirmation
Apr 22, 2014 9:01:14 PM com.app.afapp.reademails.InboxReader readEmail
FINEST: Email From:tzjxyw@163.com
Apr 22, 2014 9:01:14 PM com.app.afapp.reademails.InboxReader printParts
FINEST: Input :
Apr 22, 2014 9:01:14 PM com.app.afapp.reademails.InboxReader printParts
FINEST: Order:20037290597
Date:2014-04-22
610490086 25.00
610490107 25.00
610490123 25.00
610490158 25.00
610674029 34.00
610674037 34.00
610707468 39.00
610707513 39.00
611066367 20.00
611066375 20.00
611100449 34.00
611100465 34.00
Subtotal:354.00
Shipping:0.00
Tax:0.00
Total:354.00

Apr 22, 2014 9:01:14 PM com.app.afapp.reademails.InboxReader printParts
FINEST: **************************
Apr 22, 2014 9:01:14 PM com.app.afapp.reademails.saveData saveOrderData
FINEST: insert order20037290597 status is 1
Apr 22, 2014 9:01:14 PM com.app.afapp.reademails.saveData saveOrderData
FINEST: Insert : 610490086
Apr 22, 2014 9:01:14 PM com.app.afapp.reademails.saveData saveOrderData
FINEST: Insert : 610490107
Apr 22, 2014 9:01:14 PM com.app.afapp.reademails.saveData saveOrderData
FINEST: Insert : 610490123
Apr 22, 2014 9:01:14 PM com.app.afapp.reademails.saveData saveOrderData
FINEST: Insert : 610490158
Apr 22, 2014 9:01:14 PM com.app.afapp.reademails.saveData saveOrderData
FINEST: Insert : 610674029
Apr 22, 2014 9:01:14 PM com.app.afapp.reademails.saveData saveOrderData
FINEST: Insert : 610674037
Apr 22, 2014 9:01:14 PM com.app.afapp.reademails.saveData saveOrderData
FINEST: Insert : 610707468
Apr 22, 2014 9:01:14 PM com.app.afapp.reademails.saveData saveOrderData
FINEST: Insert : 610707513
Apr 22, 2014 9:01:14 PM com.app.afapp.reademails.saveData saveOrderData
FINEST: Insert : 611066367
Apr 22, 2014 9:01:14 PM com.app.afapp.reademails.saveData saveOrderData
FINEST: Insert : 611066375
Apr 22, 2014 9:01:14 PM com.app.afapp.reademails.saveData saveOrderData
FINEST: Insert : 611100449
Apr 22, 2014 9:01:14 PM com.app.afapp.reademails.saveData saveOrderData
FINEST: Insert : 611100465
Apr 22, 2014 9:01:17 PM com.app.afapp.reademails.InboxReader printParts
FINEST: Input :
Apr 22, 2014 9:01:17 PM com.app.afapp.reademails.InboxReader printParts
FINEST: Order:20037290597
Date:2014-04-22
610490086 25.00
610490107 25.00
610490123 25.00
610490158 25.00
610674029 34.00
610674037 34.00
610707468 39.00
610707513 39.00
611066367 20.00
611066375 20.00
611100449 34.00
611100465 34.00
Subtotal:354.00
Shipping:0.00
Tax:0.00
Total:354.00

Apr 22, 2014 9:01:17 PM com.app.afapp.reademails.InboxReader printParts
FINEST: **************************
Apr 22, 2014 9:01:17 PM com.app.afapp.reademails.saveData saveOrderData
FINEST: insert order20037290597 status is 1
Apr 22, 2014 9:01:17 PM com.app.afapp.reademails.saveData saveOrderData
FINEST: Insert : 610490086
Apr 22, 2014 9:01:17 PM com.app.afapp.reademails.saveData saveOrderData
FINEST: Insert : 610490107
Apr 22, 2014 9:01:17 PM com.app.afapp.reademails.saveData saveOrderData
FINEST: Insert : 610490123
Apr 22, 2014 9:01:17 PM com.app.afapp.reademails.saveData saveOrderData
FINEST: Insert : 610490158
Apr 22, 2014 9:01:17 PM com.app.afapp.reademails.saveData saveOrderData
FINEST: Insert : 610674029
Apr 22, 2014 9:01:17 PM com.app.afapp.reademails.saveData saveOrderData
FINEST: Insert : 610674037
Apr 22, 2014 9:01:17 PM com.app.afapp.reademails.saveData saveOrderData
FINEST: Insert : 610707468
Apr 22, 2014 9:01:17 PM com.app.afapp.reademails.saveData saveOrderData
FINEST: Insert : 610707513
Apr 22, 2014 9:01:17 PM com.app.afapp.reademails.saveData saveOrderData
FINEST: Insert : 611066367
Apr 22, 2014 9:01:17 PM com.app.afapp.reademails.saveData saveOrderData
FINEST: Insert : 611066375
Apr 22, 2014 9:01:17 PM com.app.afapp.reademails.saveData saveOrderData
FINEST: Insert : 611100449
Apr 22, 2014 9:01:17 PM com.app.afapp.reademails.saveData saveOrderData
FINEST: Insert : 611100465
Apr 22, 2014 9:01:17 PM com.app.afapp.reademails.InboxReader readEmail
FINEST: Email Subject:Fwd: Abercrombie & Fitch Order #20035964470 Confirmation
Apr 22, 2014 9:01:17 PM com.app.afapp.reademails.InboxReader readEmail
FINEST: Email From:duanzhenyue777@gmail.com
Apr 22, 2014 9:01:18 PM com.app.afapp.reademails.InboxReader printParts
FINEST: Input :
Apr 22, 2014 9:01:18 PM com.app.afapp.reademails.InboxReader printParts
FINEST: Order:20035964470
Date:2014-04-22
610490094 25.00
610490094 25.00
610674037 34.00
610674037 34.00
610707450 39.00
610707450 39.00
610757211 30.00
610757211 30.00
611391792 29.00
611391792 29.00
611496922 45.00
611496922 45.00
Subtotal:404.00
Shipping:0.00
Tax:24.24
Total:428.24

Apr 22, 2014 9:01:18 PM com.app.afapp.reademails.InboxReader printParts
FINEST: **************************
Apr 22, 2014 9:01:18 PM com.app.afapp.reademails.saveData saveOrderData
FINEST: insert order20035964470 status is 1
Apr 22, 2014 9:01:18 PM com.app.afapp.reademails.saveData saveOrderData
FINEST: Insert : 610490094
Apr 22, 2014 9:01:18 PM com.app.afapp.reademails.saveData saveOrderData
FINEST: Insert : 610490094
Apr 22, 2014 9:01:18 PM com.app.afapp.reademails.saveData saveOrderData
FINEST: Insert : 610674037
Apr 22, 2014 9:01:18 PM com.app.afapp.reademails.saveData saveOrderData
FINEST: Insert : 610674037
Apr 22, 2014 9:01:18 PM com.app.afapp.reademails.saveData saveOrderData
FINEST: Insert : 610707450
Apr 22, 2014 9:01:18 PM com.app.afapp.reademails.saveData saveOrderData
FINEST: Insert : 610707450
Apr 22, 2014 9:01:18 PM com.app.afapp.reademails.saveData saveOrderData
FINEST: Insert : 610757211
Apr 22, 2014 9:01:18 PM com.app.afapp.reademails.saveData saveOrderData
FINEST: Insert : 610757211
Apr 22, 2014 9:01:18 PM com.app.afapp.reademails.saveData saveOrderData
FINEST: Insert : 611391792
Apr 22, 2014 9:01:18 PM com.app.afapp.reademails.saveData saveOrderData
FINEST: Insert : 611391792
Apr 22, 2014 9:01:18 PM com.app.afapp.reademails.saveData saveOrderData
FINEST: Insert : 611496922
Apr 22, 2014 9:01:18 PM com.app.afapp.reademails.saveData saveOrderData
FINEST: Insert : 611496922
Apr 22, 2014 9:01:18 PM com.app.afapp.reademails.InboxReader printParts
FINEST: Input :
Apr 22, 2014 9:01:18 PM com.app.afapp.reademails.InboxReader printParts
FINEST: Order:20035964470
Date:2014-04-22
610490094 25.00
610490094 25.00
610674037 34.00
610674037 34.00
610707450 39.00
610707450 39.00
610757211 30.00
610757211 30.00
611391792 29.00
611391792 29.00
611496922 45.00
611496922 45.00
Subtotal:404.00
Shipping:0.00
Tax:24.24
Total:428.24

Apr 22, 2014 9:01:18 PM com.app.afapp.reademails.InboxReader printParts
FINEST: **************************
Apr 22, 2014 9:01:19 PM com.app.afapp.reademails.saveData saveOrderData
FINEST: insert order20035964470 status is 1
Apr 22, 2014 9:01:19 PM com.app.afapp.reademails.saveData saveOrderData
FINEST: Insert : 610490094
Apr 22, 2014 9:01:19 PM com.app.afapp.reademails.saveData saveOrderData
FINEST: Insert : 610490094
Apr 22, 2014 9:01:19 PM com.app.afapp.reademails.saveData saveOrderData
FINEST: Insert : 610674037
Apr 22, 2014 9:01:19 PM com.app.afapp.reademails.saveData saveOrderData
FINEST: Insert : 610674037
Apr 22, 2014 9:01:19 PM com.app.afapp.reademails.saveData saveOrderData
FINEST: Insert : 610707450
Apr 22, 2014 9:01:19 PM com.app.afapp.reademails.saveData saveOrderData
FINEST: Insert : 610707450
Apr 22, 2014 9:01:19 PM com.app.afapp.reademails.saveData saveOrderData
FINEST: Insert : 610757211
Apr 22, 2014 9:01:19 PM com.app.afapp.reademails.saveData saveOrderData
FINEST: Insert : 610757211
Apr 22, 2014 9:01:19 PM com.app.afapp.reademails.saveData saveOrderData
FINEST: Insert : 611391792
Apr 22, 2014 9:01:19 PM com.app.afapp.reademails.saveData saveOrderData
FINEST: Insert : 611391792
Apr 22, 2014 9:01:19 PM com.app.afapp.reademails.saveData saveOrderData
FINEST: Insert : 611496922
Apr 22, 2014 9:01:19 PM com.app.afapp.reademails.saveData saveOrderData
FINEST: Insert : 611496922
Apr 22, 2014 9:01:19 PM com.app.afapp.reademails.InboxReader readEmail
FINEST: Email Subject:FW: Abercrombie & Fitch Order #20037294139 Confirmation
Apr 22, 2014 9:01:19 PM com.app.afapp.reademails.InboxReader readEmail
FINEST: Email From:fengpeng@hotmail.com
Apr 22, 2014 9:01:20 PM com.app.afapp.reademails.InboxReader printParts
FINEST: Input :
Apr 22, 2014 9:01:20 PM com.app.afapp.reademails.InboxReader printParts
FINEST: Order:20037294139
Date:2014-04-22
610490078 25.00
610490078 25.00
610707450 39.00
610707450 39.00
611054593 45.00
611054593 45.00
611100449 34.00
611100449 34.00
611472293 40.00
611472293 40.00
611496914 45.00
611496914 45.00
Subtotal:456.00
Shipping:0.00
Tax:27.36
Total:483.36

Apr 22, 2014 9:01:20 PM com.app.afapp.reademails.InboxReader printParts
FINEST: **************************
Apr 22, 2014 9:01:20 PM com.app.afapp.reademails.saveData saveOrderData
FINEST: insert order20037294139 status is 1
Apr 22, 2014 9:01:20 PM com.app.afapp.reademails.saveData saveOrderData
FINEST: Insert : 610490078
Apr 22, 2014 9:01:20 PM com.app.afapp.reademails.saveData saveOrderData
FINEST: Insert : 610490078
Apr 22, 2014 9:01:20 PM com.app.afapp.reademails.saveData saveOrderData
FINEST: Insert : 610707450
Apr 22, 2014 9:01:20 PM com.app.afapp.reademails.saveData saveOrderData
FINEST: Insert : 610707450
Apr 22, 2014 9:01:20 PM com.app.afapp.reademails.saveData saveOrderData
FINEST: Insert : 611054593
Apr 22, 2014 9:01:20 PM com.app.afapp.reademails.saveData saveOrderData
FINEST: Insert : 611054593
Apr 22, 2014 9:01:20 PM com.app.afapp.reademails.saveData saveOrderData
FINEST: Insert : 611100449
Apr 22, 2014 9:01:20 PM com.app.afapp.reademails.saveData saveOrderData
FINEST: Insert : 611100449
Apr 22, 2014 9:01:20 PM com.app.afapp.reademails.saveData saveOrderData
FINEST: Insert : 611472293
Apr 22, 2014 9:01:20 PM com.app.afapp.reademails.saveData saveOrderData
FINEST: Insert : 611472293
Apr 22, 2014 9:01:20 PM com.app.afapp.reademails.saveData saveOrderData
FINEST: Insert : 611496914
Apr 22, 2014 9:01:20 PM com.app.afapp.reademails.saveData saveOrderData
FINEST: Insert : 611496914
Apr 22, 2014 9:01:22 PM com.app.afapp.reademails.InboxReader printParts
FINEST: Input :
Apr 22, 2014 9:01:22 PM com.app.afapp.reademails.InboxReader printParts
FINEST: Order:20037294139
Date:2014-04-22
610490078 25.00
610490078 25.00
610707450 39.00
610707450 39.00
611054593 45.00
611054593 45.00
611100449 34.00
611100449 34.00
611472293 40.00
611472293 40.00
611496914 45.00
611496914 45.00
Subtotal:456.00
Shipping:0.00
Tax:27.36
Total:483.36

Apr 22, 2014 9:01:22 PM com.app.afapp.reademails.InboxReader printParts
FINEST: **************************
Apr 22, 2014 9:01:22 PM com.app.afapp.reademails.saveData saveOrderData
FINEST: insert order20037294139 status is 1
Apr 22, 2014 9:01:22 PM com.app.afapp.reademails.saveData saveOrderData
FINEST: Insert : 610490078
Apr 22, 2014 9:01:22 PM com.app.afapp.reademails.saveData saveOrderData
FINEST: Insert : 610490078
Apr 22, 2014 9:01:22 PM com.app.afapp.reademails.saveData saveOrderData
FINEST: Insert : 610707450
Apr 22, 2014 9:01:22 PM com.app.afapp.reademails.saveData saveOrderData
FINEST: Insert : 610707450
Apr 22, 2014 9:01:22 PM com.app.afapp.reademails.saveData saveOrderData
FINEST: Insert : 611054593
Apr 22, 2014 9:01:22 PM com.app.afapp.reademails.saveData saveOrderData
FINEST: Insert : 611054593
Apr 22, 2014 9:01:22 PM com.app.afapp.reademails.saveData saveOrderData
FINEST: Insert : 611100449
Apr 22, 2014 9:01:22 PM com.app.afapp.reademails.saveData saveOrderData
FINEST: Insert : 611100449
Apr 22, 2014 9:01:22 PM com.app.afapp.reademails.saveData saveOrderData
FINEST: Insert : 611472293
Apr 22, 2014 9:01:22 PM com.app.afapp.reademails.saveData saveOrderData
FINEST: Insert : 611472293
Apr 22, 2014 9:01:22 PM com.app.afapp.reademails.saveData saveOrderData
FINEST: Insert : 611496914
Apr 22, 2014 9:01:22 PM com.app.afapp.reademails.saveData saveOrderData
FINEST: Insert : 611496914
Apr 22, 2014 9:01:22 PM com.app.afapp.reademails.InboxReader readEmail
FINEST: Email Subject:Fwd: Abercrombie & Fitch Order #20037295031 Confirmation
Apr 22, 2014 9:01:22 PM com.app.afapp.reademails.InboxReader readEmail
FINEST: Email From:greenrdyi@outlook.com
Apr 22, 2014 9:01:22 PM com.app.afapp.reademails.InboxReader printParts
FINEST: Input :
Apr 22, 2014 9:01:22 PM com.app.afapp.reademails.InboxReader printParts
FINEST: Order:20037295031
Date:2014-04-22
610490094 25.00
610674037 34.00
610674037 34.00
610707468 39.00
610707468 39.00
610757211 30.00
610757211 30.00
611100449 34.00
611472306 40.00
611472306 40.00
611496922 45.00
611496922 45.00
Subtotal:435.00
Shipping:0.00
Tax:26.10
Total:461.10

Apr 22, 2014 9:01:22 PM com.app.afapp.reademails.InboxReader printParts
FINEST: **************************
Apr 22, 2014 9:01:22 PM com.app.afapp.reademails.saveData saveOrderData
FINEST: insert order20037295031 status is 1
Apr 22, 2014 9:01:22 PM com.app.afapp.reademails.saveData saveOrderData
FINEST: Insert : 610490094
Apr 22, 2014 9:01:22 PM com.app.afapp.reademails.saveData saveOrderData
FINEST: Insert : 610674037
Apr 22, 2014 9:01:22 PM com.app.afapp.reademails.saveData saveOrderData
FINEST: Insert : 610674037
Apr 22, 2014 9:01:22 PM com.app.afapp.reademails.saveData saveOrderData
FINEST: Insert : 610707468
Apr 22, 2014 9:01:22 PM com.app.afapp.reademails.saveData saveOrderData
FINEST: Insert : 610707468
Apr 22, 2014 9:01:22 PM com.app.afapp.reademails.saveData saveOrderData
FINEST: Insert : 610757211
Apr 22, 2014 9:01:22 PM com.app.afapp.reademails.saveData saveOrderData
FINEST: Insert : 610757211
Apr 22, 2014 9:01:23 PM com.app.afapp.reademails.saveData saveOrderData
FINEST: Insert : 611100449
Apr 22, 2014 9:01:23 PM com.app.afapp.reademails.saveData saveOrderData
FINEST: Insert : 611472306
Apr 22, 2014 9:01:23 PM com.app.afapp.reademails.saveData saveOrderData
FINEST: Insert : 611472306
Apr 22, 2014 9:01:23 PM com.app.afapp.reademails.saveData saveOrderData
FINEST: Insert : 611496922
Apr 22, 2014 9:01:23 PM com.app.afapp.reademails.saveData saveOrderData
FINEST: Insert : 611496922
Apr 22, 2014 9:01:23 PM com.app.afapp.reademails.InboxReader printParts
FINEST: Input :
Apr 22, 2014 9:01:23 PM com.app.afapp.reademails.InboxReader printParts
FINEST: Order:20037295031
Date:2014-04-22
610490094 25.00
610674037 34.00
610674037 34.00
610707468 39.00
610707468 39.00
610757211 30.00
610757211 30.00
611100449 34.00
611472306 40.00
611472306 40.00
611496922 45.00
611496922 45.00
Subtotal:435.00
Shipping:0.00
Tax:26.10
Total:461.10

Apr 22, 2014 9:01:23 PM com.app.afapp.reademails.InboxReader printParts
FINEST: **************************
Apr 22, 2014 9:01:23 PM com.app.afapp.reademails.saveData saveOrderData
FINEST: insert order20037295031 status is 1
Apr 22, 2014 9:01:23 PM com.app.afapp.reademails.saveData saveOrderData
FINEST: Insert : 610490094
Apr 22, 2014 9:01:23 PM com.app.afapp.reademails.saveData saveOrderData
FINEST: Insert : 610674037
Apr 22, 2014 9:01:23 PM com.app.afapp.reademails.saveData saveOrderData
FINEST: Insert : 610674037
Apr 22, 2014 9:01:23 PM com.app.afapp.reademails.saveData saveOrderData
FINEST: Insert : 610707468
Apr 22, 2014 9:01:23 PM com.app.afapp.reademails.saveData saveOrderData
FINEST: Insert : 610707468
Apr 22, 2014 9:01:23 PM com.app.afapp.reademails.saveData saveOrderData
FINEST: Insert : 610757211
Apr 22, 2014 9:01:23 PM com.app.afapp.reademails.saveData saveOrderData
FINEST: Insert : 610757211
Apr 22, 2014 9:01:23 PM com.app.afapp.reademails.saveData saveOrderData
FINEST: Insert : 611100449
Apr 22, 2014 9:01:24 PM com.app.afapp.reademails.saveData saveOrderData
FINEST: Insert : 611472306
Apr 22, 2014 9:01:24 PM com.app.afapp.reademails.saveData saveOrderData
FINEST: Insert : 611472306
Apr 22, 2014 9:01:24 PM com.app.afapp.reademails.saveData saveOrderData
FINEST: Insert : 611496922
Apr 22, 2014 9:01:24 PM com.app.afapp.reademails.saveData saveOrderData
FINEST: Insert : 611496922
Apr 22, 2014 9:01:24 PM com.app.afapp.reademails.InboxReader readEmail
FINEST: Email Subject:Fwd: Abercrombie & Fitch Order #20037296588 Confirmation
Apr 22, 2014 9:01:24 PM com.app.afapp.reademails.InboxReader readEmail
FINEST: Email From:greenrd1@hotmail.com
Apr 22, 2014 9:01:24 PM com.app.afapp.reademails.InboxReader printParts
FINEST: Input :
Apr 22, 2014 9:01:24 PM com.app.afapp.reademails.InboxReader printParts
FINEST: Order:20037296588
Date:2014-04-22
610674045 34.00
610674045 34.00
610707513 39.00
610707513 39.00
611054622 45.00
611054622 45.00
611100465 34.00
611100465 34.00
611472314 40.00
611472314 40.00
611496931 45.00
611496931 45.00
Subtotal:474.00
Shipping:0.00
Tax:28.44
Total:502.44

Apr 22, 2014 9:01:24 PM com.app.afapp.reademails.InboxReader printParts
FINEST: **************************
Apr 22, 2014 9:01:24 PM com.app.afapp.reademails.saveData saveOrderData
FINEST: insert order20037296588 status is 1
Apr 22, 2014 9:01:24 PM com.app.afapp.reademails.saveData saveOrderData
FINEST: Insert : 610674045
Apr 22, 2014 9:01:24 PM com.app.afapp.reademails.saveData saveOrderData
FINEST: Insert : 610674045
Apr 22, 2014 9:01:24 PM com.app.afapp.reademails.saveData saveOrderData
FINEST: Insert : 610707513
Apr 22, 2014 9:01:24 PM com.app.afapp.reademails.saveData saveOrderData
FINEST: Insert : 610707513
Apr 22, 2014 9:01:24 PM com.app.afapp.reademails.saveData saveOrderData
FINEST: Insert : 611054622
Apr 22, 2014 9:01:24 PM com.app.afapp.reademails.saveData saveOrderData
FINEST: Insert : 611054622
Apr 22, 2014 9:01:24 PM com.app.afapp.reademails.saveData saveOrderData
FINEST: Insert : 611100465
Apr 22, 2014 9:01:24 PM com.app.afapp.reademails.saveData saveOrderData
FINEST: Insert : 611100465
Apr 22, 2014 9:01:24 PM com.app.afapp.reademails.saveData saveOrderData
FINEST: Insert : 611472314
Apr 22, 2014 9:01:24 PM com.app.afapp.reademails.saveData saveOrderData
FINEST: Insert : 611472314
Apr 22, 2014 9:01:24 PM com.app.afapp.reademails.saveData saveOrderData
FINEST: Insert : 611496931
Apr 22, 2014 9:01:24 PM com.app.afapp.reademails.saveData saveOrderData
FINEST: Insert : 611496931
Apr 22, 2014 9:01:25 PM com.app.afapp.reademails.InboxReader printParts
FINEST: Input :
Apr 22, 2014 9:01:25 PM com.app.afapp.reademails.InboxReader printParts
FINEST: Order:20037296588
Date:2014-04-22
610674045 34.00
610674045 34.00
610707513 39.00
610707513 39.00
611054622 45.00
611054622 45.00
611100465 34.00
611100465 34.00
611472314 40.00
611472314 40.00
611496931 45.00
611496931 45.00
Subtotal:474.00
Shipping:0.00
Tax:28.44
Total:502.44

Apr 22, 2014 9:01:25 PM com.app.afapp.reademails.InboxReader printParts
FINEST: **************************
Apr 22, 2014 9:01:25 PM com.app.afapp.reademails.saveData saveOrderData
FINEST: insert order20037296588 status is 1
Apr 22, 2014 9:01:25 PM com.app.afapp.reademails.saveData saveOrderData
FINEST: Insert : 610674045
Apr 22, 2014 9:01:25 PM com.app.afapp.reademails.saveData saveOrderData
FINEST: Insert : 610674045
Apr 22, 2014 9:01:25 PM com.app.afapp.reademails.saveData saveOrderData
FINEST: Insert : 610707513
Apr 22, 2014 9:01:25 PM com.app.afapp.reademails.saveData saveOrderData
FINEST: Insert : 610707513
Apr 22, 2014 9:01:25 PM com.app.afapp.reademails.saveData saveOrderData
FINEST: Insert : 611054622
Apr 22, 2014 9:01:25 PM com.app.afapp.reademails.saveData saveOrderData
FINEST: Insert : 611054622
Apr 22, 2014 9:01:25 PM com.app.afapp.reademails.saveData saveOrderData
FINEST: Insert : 611100465
Apr 22, 2014 9:01:25 PM com.app.afapp.reademails.saveData saveOrderData
FINEST: Insert : 611100465
Apr 22, 2014 9:01:25 PM com.app.afapp.reademails.saveData saveOrderData
FINEST: Insert : 611472314
Apr 22, 2014 9:01:25 PM com.app.afapp.reademails.saveData saveOrderData
FINEST: Insert : 611472314
Apr 22, 2014 9:01:25 PM com.app.afapp.reademails.saveData saveOrderData
FINEST: Insert : 611496931
Apr 22, 2014 9:01:25 PM com.app.afapp.reademails.saveData saveOrderData
FINEST: Insert : 611496931
Apr 22, 2014 9:01:25 PM com.app.afapp.reademails.InboxReader readEmail
FINEST: Email Subject:Fwd: Abercrombie & Fitch Order #20037300931 Confirmation
Apr 22, 2014 9:01:25 PM com.app.afapp.reademails.InboxReader readEmail
FINEST: Email From:zhigangups@outlook.com
Apr 22, 2014 9:01:25 PM com.app.afapp.reademails.InboxReader printParts
FINEST: Input :
Apr 22, 2014 9:01:25 PM com.app.afapp.reademails.InboxReader printParts
FINEST: Order:20037300931
Date:2014-04-22
610674029 34.00
610674029 34.00
610707450 39.00
610707450 39.00
610757220 30.00
610757220 30.00
611054606 45.00
611054606 45.00
611472293 40.00
611472293 40.00
611496914 45.00
611496914 45.00
Subtotal:466.00
Shipping:0.00
Tax:27.96
Total:493.96

Apr 22, 2014 9:01:25 PM com.app.afapp.reademails.InboxReader printParts
FINEST: **************************
Apr 22, 2014 9:01:26 PM com.app.afapp.reademails.saveData saveOrderData
FINEST: insert order20037300931 status is 1
Apr 22, 2014 9:01:26 PM com.app.afapp.reademails.saveData saveOrderData
FINEST: Insert : 610674029
Apr 22, 2014 9:01:26 PM com.app.afapp.reademails.saveData saveOrderData
FINEST: Insert : 610674029
Apr 22, 2014 9:01:26 PM com.app.afapp.reademails.saveData saveOrderData
FINEST: Insert : 610707450
Apr 22, 2014 9:01:26 PM com.app.afapp.reademails.saveData saveOrderData
FINEST: Insert : 610707450
Apr 22, 2014 9:01:26 PM com.app.afapp.reademails.saveData saveOrderData
FINEST: Insert : 610757220
Apr 22, 2014 9:01:26 PM com.app.afapp.reademails.saveData saveOrderData
FINEST: Insert : 610757220
Apr 22, 2014 9:01:26 PM com.app.afapp.reademails.saveData saveOrderData
FINEST: Insert : 611054606
Apr 22, 2014 9:01:26 PM com.app.afapp.reademails.saveData saveOrderData
FINEST: Insert : 611054606
Apr 22, 2014 9:01:26 PM com.app.afapp.reademails.saveData saveOrderData
FINEST: Insert : 611472293
Apr 22, 2014 9:01:26 PM com.app.afapp.reademails.saveData saveOrderData
FINEST: Insert : 611472293
Apr 22, 2014 9:01:26 PM com.app.afapp.reademails.saveData saveOrderData
FINEST: Insert : 611496914
Apr 22, 2014 9:01:26 PM com.app.afapp.reademails.saveData saveOrderData
FINEST: Insert : 611496914
Apr 22, 2014 9:01:27 PM com.app.afapp.reademails.InboxReader printParts
FINEST: Input :
Apr 22, 2014 9:01:27 PM com.app.afapp.reademails.InboxReader printParts
FINEST: Order:20037300931
Date:2014-04-22
610674029 34.00
610674029 34.00
610707450 39.00
610707450 39.00
610757220 30.00
610757220 30.00
611054606 45.00
611054606 45.00
611472293 40.00
611472293 40.00
611496914 45.00
611496914 45.00
Subtotal:466.00
Shipping:0.00
Tax:27.96
Total:493.96

Apr 22, 2014 9:01:27 PM com.app.afapp.reademails.InboxReader printParts
FINEST: **************************
Apr 22, 2014 9:01:27 PM com.app.afapp.reademails.saveData saveOrderData
FINEST: insert order20037300931 status is 1
Apr 22, 2014 9:01:27 PM com.app.afapp.reademails.saveData saveOrderData
FINEST: Insert : 610674029
Apr 22, 2014 9:01:27 PM com.app.afapp.reademails.saveData saveOrderData
FINEST: Insert : 610674029
Apr 22, 2014 9:01:27 PM com.app.afapp.reademails.saveData saveOrderData
FINEST: Insert : 610707450
Apr 22, 2014 9:01:27 PM com.app.afapp.reademails.saveData saveOrderData
FINEST: Insert : 610707450
Apr 22, 2014 9:01:27 PM com.app.afapp.reademails.saveData saveOrderData
FINEST: Insert : 610757220
Apr 22, 2014 9:01:27 PM com.app.afapp.reademails.saveData saveOrderData
FINEST: Insert : 610757220
Apr 22, 2014 9:01:27 PM com.app.afapp.reademails.saveData saveOrderData
FINEST: Insert : 611054606
Apr 22, 2014 9:01:27 PM com.app.afapp.reademails.saveData saveOrderData
FINEST: Insert : 611054606
Apr 22, 2014 9:01:28 PM com.app.afapp.reademails.saveData saveOrderData
FINEST: Insert : 611472293
Apr 22, 2014 9:01:28 PM com.app.afapp.reademails.saveData saveOrderData
FINEST: Insert : 611472293
Apr 22, 2014 9:01:28 PM com.app.afapp.reademails.saveData saveOrderData
FINEST: Insert : 611496914
Apr 22, 2014 9:01:28 PM com.app.afapp.reademails.saveData saveOrderData
FINEST: Insert : 611496914
Apr 22, 2014 9:01:28 PM com.app.afapp.reademails.InboxReader readEmail
FINEST: Email Subject:Fwd: Abercrombie & Fitch Order #20036024014 Has Shipped
Apr 22, 2014 9:01:28 PM com.app.afapp.reademails.InboxReader readEmail
FINEST: Email From:xun.yang.usa@gmail.com
Apr 22, 2014 9:01:28 PM com.app.afapp.reademails.InboxReader printParts
FINEST: Input :
Apr 22, 2014 9:01:28 PM com.app.afapp.reademails.InboxReader printParts
FINEST: Order:20036024014
Date:2014-04-16
610541533 30.00
610541533 30.00
Subtotal:60.00
Shipping:0.00
Tax:0.00
Total:60.00

Apr 22, 2014 9:01:28 PM com.app.afapp.reademails.InboxReader printParts
FINEST: **************************
Apr 22, 2014 9:01:28 PM com.app.afapp.reademails.InboxReader printParts
FINEST: Input :
Apr 22, 2014 9:01:28 PM com.app.afapp.reademails.InboxReader printParts
FINEST: Order:20036024014
Date:2014-04-16
610541533 30.00
610541533 30.00
Subtotal:60.00
Shipping:0.00
Tax:0.00
Total:60.00

Apr 22, 2014 9:01:28 PM com.app.afapp.reademails.InboxReader printParts
FINEST: **************************
Apr 22, 2014 9:01:29 PM com.app.afapp.reademails.InboxReader moveMessages
FINEST: move successful!14
Apr 22, 2014 9:01:30 PM com.app.afapp.reademails.InboxReader moveMessages
FINEST: move successful!8
Apr 22, 2014 9:01:30 PM com.app.afapp.reademails.InboxReader readEmail
FINEST: Total number of emails :22
Apr 22, 2014 9:16:07 PM com.app.afapp.reademails.ReadEmails main
INFO: Begin Reading Emails:
Apr 22, 2014 9:16:29 PM com.app.afapp.reademails.InboxReader readEmail
FINEST: Email Subject:Fwd: FW: Abercrombie & Fitch Order #20036247737 Has Shipped
Apr 22, 2014 9:16:29 PM com.app.afapp.reademails.InboxReader readEmail
FINEST: Email From:zh88981@gmail.com
Apr 22, 2014 9:16:30 PM com.app.afapp.reademails.InboxReader printParts
FINEST: Input :
Apr 22, 2014 9:16:30 PM com.app.afapp.reademails.InboxReader printParts
FINEST: Order:20036247737
Date:2014-04-13
610490131 30.00
610757174 36.00
610541533 30.00
610541533 30.00
610490131 30.00
610490086 30.00
610757220 36.00
610490086 30.00
610490035 30.00
610757220 36.00
610757174 36.00
Subtotal:354.00
Shipping:0.00
Tax:0.00
Total:354.00

Apr 22, 2014 9:16:30 PM com.app.afapp.reademails.InboxReader printParts
FINEST: **************************
Apr 22, 2014 9:16:30 PM com.app.afapp.reademails.saveData saveOrderData
FINEST: insert order20036247737 status is 2
Apr 22, 2014 9:16:30 PM com.app.afapp.reademails.saveData saveOrderData
FINEST: Insert : 610490131
Apr 22, 2014 9:16:30 PM com.app.afapp.reademails.saveData saveOrderData
FINEST: Insert : 610757174
Apr 22, 2014 9:16:30 PM com.app.afapp.reademails.saveData saveOrderData
FINEST: Insert : 610541533
Apr 22, 2014 9:16:30 PM com.app.afapp.reademails.saveData saveOrderData
FINEST: Insert : 610541533
Apr 22, 2014 9:16:30 PM com.app.afapp.reademails.saveData saveOrderData
FINEST: Insert : 610490131
Apr 22, 2014 9:16:30 PM com.app.afapp.reademails.saveData saveOrderData
FINEST: Insert : 610490086
Apr 22, 2014 9:16:30 PM com.app.afapp.reademails.saveData saveOrderData
FINEST: Insert : 610757220
Apr 22, 2014 9:16:30 PM com.app.afapp.reademails.saveData saveOrderData
FINEST: Insert : 610490086
Apr 22, 2014 9:16:30 PM com.app.afapp.reademails.saveData saveOrderData
FINEST: Insert : 610490035
Apr 22, 2014 9:16:30 PM com.app.afapp.reademails.saveData saveOrderData
FINEST: Insert : 610757220
Apr 22, 2014 9:16:30 PM com.app.afapp.reademails.saveData saveOrderData
FINEST: Insert : 610757174
Apr 22, 2014 9:16:31 PM com.app.afapp.reademails.InboxReader printParts
FINEST: Input :
Apr 22, 2014 9:16:31 PM com.app.afapp.reademails.InboxReader printParts
FINEST: Order:20036247737
Date:2014-04-13
610490131 30.00
610757174 36.00
610541533 30.00
610541533 30.00
610490131 30.00
610490086 30.00
610757220 36.00
610490086 30.00
610490035 30.00
610757220 36.00
610757174 36.00
Subtotal:354.00
Shipping:0.00
Tax:0.00
Total:354.00

Apr 22, 2014 9:16:31 PM com.app.afapp.reademails.InboxReader printParts
FINEST: **************************
Apr 22, 2014 9:16:31 PM com.app.afapp.reademails.InboxReader readEmail
FINEST: Email Subject:Fwd: FW: Abercrombie & Fitch Order #20036247737 Has Shipped
Apr 22, 2014 9:16:31 PM com.app.afapp.reademails.InboxReader readEmail
FINEST: Email From:zh88981@gmail.com
Apr 22, 2014 9:16:31 PM com.app.afapp.reademails.InboxReader printParts
FINEST: Input :
Apr 22, 2014 9:16:31 PM com.app.afapp.reademails.InboxReader printParts
FINEST: Order:20036247737
Date:2014-04-13
610490131 30.00
610757174 36.00
610541533 30.00
610541533 30.00
610490131 30.00
610490086 30.00
610757220 36.00
610490086 30.00
610490035 30.00
610757220 36.00
610757174 36.00
Subtotal:354.00
Shipping:0.00
Tax:0.00
Total:354.00

Apr 22, 2014 9:16:31 PM com.app.afapp.reademails.InboxReader printParts
FINEST: **************************
Apr 22, 2014 9:16:32 PM com.app.afapp.reademails.InboxReader printParts
FINEST: Input :
Apr 22, 2014 9:16:32 PM com.app.afapp.reademails.InboxReader printParts
FINEST: Order:20036247737
Date:2014-04-13
610490131 30.00
610757174 36.00
610541533 30.00
610541533 30.00
610490131 30.00
610490086 30.00
610757220 36.00
610490086 30.00
610490035 30.00
610757220 36.00
610757174 36.00
Subtotal:354.00
Shipping:0.00
Tax:0.00
Total:354.00

Apr 22, 2014 9:16:32 PM com.app.afapp.reademails.InboxReader printParts
FINEST: **************************
Apr 22, 2014 9:16:32 PM com.app.afapp.reademails.InboxReader moveMessages
FINEST: move successful!0
Apr 22, 2014 9:16:32 PM com.app.afapp.reademails.InboxReader moveMessages
FINEST: move successful!2
Apr 22, 2014 9:16:32 PM com.app.afapp.reademails.InboxReader readEmail
FINEST: Total number of emails :2
